2021-10-05 10:59:59,027 INFO OSMnx Configured OSMnx 1.1.1
2021-10-05 10:59:59,027 INFO OSMnx HTTP response caching is on
2021-10-05 11:01:22,263 INFO OSMnx Retrieved response from cache file "cache\98c7371d0e0a0e40850d40788a32f8980c78bbe3.json"
2021-10-05 11:01:22,342 INFO OSMnx Retrieved response from cache file "cache\92f453f67051b35bc2326354bd71f8abcd50c752.json"
2021-10-05 11:01:22,432 INFO OSMnx Retrieved response from cache file "cache\6267a5049c3756aea482386316d1b184de19cc0d.json"
2021-10-05 11:01:22,512 INFO OSMnx Retrieved response from cache file "cache\7a0c4da807364887f217f08ab4f9aff59458d050.json"
2021-10-05 11:01:22,547 INFO OSMnx Retrieved response from cache file "cache\cc94bbb96f0d5b69c50398279fd2e0365364a530.json"
2021-10-05 11:01:22,582 INFO OSMnx Retrieved response from cache file "cache\69246b9ab44edf7ad7c5e7b5be5a68c61224bd5b.json"
2021-10-05 11:01:22,612 INFO OSMnx Retrieved response from cache file "cache\fd3a6423f62cd8016454000aa6399332a0bf1c0a.json"
2021-10-05 11:01:22,663 INFO OSMnx Retrieved response from cache file "cache\56f990723eac5101a103355ea8884d00baf37da7.json"
2021-10-05 11:01:22,702 INFO OSMnx Retrieved response from cache file "cache\a9cac558bd56343b6f808f18553ef6581d91c6b7.json"
2021-10-05 11:01:22,742 INFO OSMnx Retrieved response from cache file "cache\3e93df17d1f16328b9ad720b3de39e833de7ef3a.json"
2021-10-05 11:01:22,892 INFO OSMnx Created GeoDataFrame with 10 rows from 10 queries
2021-10-05 11:01:23,692 INFO OSMnx Projected GeoDataFrame to +proj=utm +zone=30 +ellps=WGS84 +datum=WGS84 +units=m +no_defs +type=crs
2021-10-05 11:01:23,702 INFO OSMnx Begin plotting the graph...
2021-10-05 11:01:42,140 INFO OSMnx Created edges GeoDataFrame from graph
2021-10-05 11:01:52,576 INFO OSMnx Created nodes GeoDataFrame from graph
2021-10-05 11:02:03,725 INFO OSMnx Finished plotting the graph
2021-10-05 11:02:06,280 INFO OSMnx Begin plotting the graph...
2021-10-05 11:02:20,655 INFO OSMnx Created edges GeoDataFrame from graph
2021-10-05 11:02:30,478 INFO OSMnx Created nodes GeoDataFrame from graph
2021-10-05 11:02:40,760 INFO OSMnx Finished plotting the graph
2021-10-05 11:03:00,789 INFO OSMnx Begin plotting the graph...
2021-10-05 11:03:14,898 INFO OSMnx Created edges GeoDataFrame from graph
2021-10-05 11:03:26,539 INFO OSMnx Created nodes GeoDataFrame from graph
2021-10-05 11:03:37,909 INFO OSMnx Finished plotting the graph
2021-10-05 11:43:44,273 INFO OSMnx Begin plotting the graph...
2021-10-05 11:43:59,162 INFO OSMnx Created edges GeoDataFrame from graph
2021-10-05 11:44:07,989 INFO OSMnx Created nodes GeoDataFrame from graph
2021-10-05 11:44:18,288 INFO OSMnx Finished plotting the graph
2021-10-05 11:48:55,913 INFO OSMnx Configured OSMnx 1.1.1
2021-10-05 11:48:55,913 INFO OSMnx HTTP response caching is on
2021-10-05 11:51:11,698 INFO OSMnx Begin plotting the graph...
2021-10-05 11:51:24,717 INFO OSMnx Created edges GeoDataFrame from graph
2021-10-05 11:51:34,247 INFO OSMnx Created nodes GeoDataFrame from graph
2021-10-05 11:51:44,437 INFO OSMnx Finished plotting the graph
2021-10-05 14:27:31,275 INFO OSMnx Begin plotting the graph...
2021-10-05 14:27:44,685 INFO OSMnx Created edges GeoDataFrame from graph
2021-10-05 14:27:54,254 INFO OSMnx Created nodes GeoDataFrame from graph
2021-10-05 14:28:04,354 INFO OSMnx Finished plotting the graph
2021-10-05 14:44:32,689 INFO OSMnx Begin plotting the graph...
2021-10-05 14:44:45,524 INFO OSMnx Created edges GeoDataFrame from graph
2021-10-05 14:44:54,199 INFO OSMnx Created nodes GeoDataFrame from graph
2021-10-05 14:45:04,379 INFO OSMnx Finished plotting the graph
2021-10-05 15:47:51,829 INFO OSMnx Configured OSMnx 1.1.1
2021-10-05 15:47:51,829 INFO OSMnx HTTP response caching is on
2021-10-05 15:48:23,272 INFO OSMnx Begin plotting the graph...
2021-10-05 15:48:36,247 INFO OSMnx Created edges GeoDataFrame from graph
2021-10-05 15:48:45,872 INFO OSMnx Created nodes GeoDataFrame from graph
2021-10-05 15:48:56,252 INFO OSMnx Finished plotting the graph
2021-10-05 15:49:29,581 INFO OSMnx Begin plotting the graph...
2021-10-05 15:49:41,689 INFO OSMnx Created edges GeoDataFrame from graph
2021-10-05 15:49:51,022 INFO OSMnx Created nodes GeoDataFrame from graph
2021-10-05 15:50:01,074 INFO OSMnx Finished plotting the graph
2021-10-05 16:29:44,024 INFO OSMnx Begin plotting the graph...
2021-10-05 16:29:58,836 INFO OSMnx Created edges GeoDataFrame from graph
2021-10-05 16:30:08,461 INFO OSMnx Created nodes GeoDataFrame from graph
2021-10-05 16:30:19,146 INFO OSMnx Finished plotting the graph
2021-10-05 16:30:20,541 INFO OSMnx Begin plotting the graph...
2021-10-05 16:30:59,971 INFO OSMnx Created edges GeoDataFrame from graph
2021-10-05 16:31:09,251 INFO OSMnx Created nodes GeoDataFrame from graph
2021-10-05 16:31:19,570 INFO OSMnx Finished plotting the graph
2021-10-05 16:50:59,157 INFO OSMnx Configured OSMnx 1.1.1
2021-10-05 16:50:59,157 INFO OSMnx HTTP response caching is on
2021-10-05 16:51:04,587 INFO OSMnx Begin plotting the graph...
2021-10-05 16:51:17,572 INFO OSMnx Created edges GeoDataFrame from graph
2021-10-05 16:51:26,967 INFO OSMnx Created nodes GeoDataFrame from graph
2021-10-05 16:51:37,097 INFO OSMnx Finished plotting the graph
2021-10-05 17:01:08,673 INFO OSMnx Begin plotting the graph...
2021-10-05 17:01:20,159 INFO OSMnx Created edges GeoDataFrame from graph
2021-10-05 17:01:28,851 INFO OSMnx Created nodes GeoDataFrame from graph
2021-10-05 17:01:38,931 INFO OSMnx Finished plotting the graph
