2021-10-08 12:27:04,557 INFO OSMnx Configured OSMnx 1.1.1
2021-10-08 12:27:04,557 INFO OSMnx HTTP response caching is on
2021-10-08 12:27:34,124 INFO OSMnx Configured OSMnx 1.1.1
2021-10-08 12:27:34,124 INFO OSMnx HTTP response caching is on
2021-10-08 12:27:40,542 INFO OSMnx Begin plotting the graph...
2021-10-08 12:28:09,758 INFO OSMnx Created edges GeoDataFrame from graph
2021-10-08 12:28:19,090 INFO OSMnx Created nodes GeoDataFrame from graph
2021-10-08 12:28:28,501 INFO OSMnx Finished plotting the graph
2021-10-08 12:28:29,124 INFO OSMnx Retrieved response from cache file "cache\98c7371d0e0a0e40850d40788a32f8980c78bbe3.json"
2021-10-08 12:28:29,301 INFO OSMnx Retrieved response from cache file "cache\92f453f67051b35bc2326354bd71f8abcd50c752.json"
2021-10-08 12:28:29,347 INFO OSMnx Retrieved response from cache file "cache\6267a5049c3756aea482386316d1b184de19cc0d.json"
2021-10-08 12:28:29,399 INFO OSMnx Retrieved response from cache file "cache\7a0c4da807364887f217f08ab4f9aff59458d050.json"
2021-10-08 12:28:29,432 INFO OSMnx Retrieved response from cache file "cache\cc94bbb96f0d5b69c50398279fd2e0365364a530.json"
2021-10-08 12:28:29,468 INFO OSMnx Retrieved response from cache file "cache\69246b9ab44edf7ad7c5e7b5be5a68c61224bd5b.json"
2021-10-08 12:28:29,499 INFO OSMnx Retrieved response from cache file "cache\fd3a6423f62cd8016454000aa6399332a0bf1c0a.json"
2021-10-08 12:28:29,535 INFO OSMnx Retrieved response from cache file "cache\56f990723eac5101a103355ea8884d00baf37da7.json"
2021-10-08 12:28:29,570 INFO OSMnx Retrieved response from cache file "cache\a9cac558bd56343b6f808f18553ef6581d91c6b7.json"
2021-10-08 12:28:29,607 INFO OSMnx Retrieved response from cache file "cache\3e93df17d1f16328b9ad720b3de39e833de7ef3a.json"
2021-10-08 12:28:29,735 INFO OSMnx Created GeoDataFrame with 10 rows from 10 queries
2021-10-08 12:28:31,164 INFO OSMnx Projected GeoDataFrame to +proj=utm +zone=30 +ellps=WGS84 +datum=WGS84 +units=m +no_defs +type=crs
2021-10-08 12:29:31,137 INFO OSMnx Begin plotting the graph...
2021-10-08 12:29:42,678 INFO OSMnx Created edges GeoDataFrame from graph
2021-10-08 12:29:51,856 INFO OSMnx Created nodes GeoDataFrame from graph
2021-10-08 12:30:01,259 INFO OSMnx Finished plotting the graph
